[debug] [2023-09-05T14:05:50.040Z] ----------------------------------------------------------------------
[debug] [2023-09-05T14:05:50.042Z] Command:       C:\Program Files\nodejs\node.exe C:\Users\C45688\AppData\Roaming\npm\node_modules\firebase-tools\lib\bin\firebase.js init
[debug] [2023-09-05T14:05:50.042Z] CLI Version:   12.5.2
[debug] [2023-09-05T14:05:50.042Z] Platform:      win32
[debug] [2023-09-05T14:05:50.043Z] Node Version:  v16.16.0
[debug] [2023-09-05T14:05:50.043Z] Time:          Tue Sep 05 2023 07:05:50 GMT-0700 (Pacific Daylight Time)
[debug] [2023-09-05T14:05:50.044Z] ----------------------------------------------------------------------
[debug] 
[debug] [2023-09-05T14:05:50.056Z] > command requires scopes: ["email","openid","https://www.googleapis.com/auth/cloudplatformprojects.readonly","https://www.googleapis.com/auth/firebase","https://www.googleapis.com/auth/cloud-platform"]
[debug] [2023-09-05T14:05:50.057Z] > authorizing via signed-in user (saiprakashsarisa@gmail.com)
[info] 
     ######## #### ########  ######## ########     ###     ######  ########
     ##        ##  ##     ## ##       ##     ##  ##   ##  ##       ##
     ######    ##  ########  ######   ########  #########  ######  ######
     ##        ##  ##    ##  ##       ##     ## ##     ##       ## ##
     ##       #### ##     ## ######## ########  ##     ##  ######  ########

You're about to initialize a Firebase project in this directory:

  C:\Users\C45688\Desktop\Projects\Expences Management Application\node expences\functions

[info] 
=== Project Setup
[info] 
[info] First, let's associate this project directory with a Firebase project.
[info] You can create multiple project aliases by running firebase use --add, 
[info] but for now we'll just set up a default project.
[info] 
[debug] [2023-09-05T14:06:29.196Z] >>> [apiv2][query] GET https://firebase.googleapis.com/v1beta1/projects pageSize=100
[debug] [2023-09-05T14:06:30.367Z] <<< [apiv2][status] GET https://firebase.googleapis.com/v1beta1/projects 200
[debug] [2023-09-05T14:06:30.367Z] <<< [apiv2][body] GET https://firebase.googleapis.com/v1beta1/projects [omitted]
[info] i  Using project expences-management (Expences Management) 
[info] 
=== Hosting Setup
[info] 
[info] Your public directory is the folder (relative to your project directory) that
[info] will contain Hosting assets to be uploaded with firebase deploy. If you
[info] have a build process for your assets, use your build's output directory.
[info] 
